La génération a démarré 02/12/2015 14:30:47.
     1>Projet "C:\Users\BlueCalx\Documents\GitHub\MauveTheGame\MauveTheGame\MauveTheGame.vcxproj" sur le nœud 2 (Build cible(s)).
     1>ClCompile:
         C:\Program Files (x86)\Microsoft Visual Studio 14.0\VC\bin\CL.exe /c /IC:\Users\BlueCalx\Documents\GitHub\MauveTheGame\MauveTheGame\include /ZI /nologo /W3 /WX- /sdl /Od /Oy- /D _MBCS /Gm /EHsc /RTC1 /MDd /GS /fp:precise /Zc:wchar_t /Zc:forScope /Zc:inline /Fo"Debug\\" /Fd"Debug\vc140.pdb" /Gd /TP /analyze- /errorReport:prompt Player.cpp
         Player.cpp
       Link:
         C:\Program Files (x86)\Microsoft Visual Studio 14.0\VC\bin\link.exe /ERRORREPORT:PROMPT /OUT:"C:\Users\BlueCalx\Documents\GitHub\MauveTheGame\Debug\MauveTheGame.exe" /INCREMENTAL /NOLOGO /LIBPATH:C:\Users\BlueCalx\Documents\GitHub\MauveTheGame\MauveTheGame\lib "sfml-graphics-d.lib" "sfml-window-d.lib" "sfml-system-d.lib" "sfml-main-d.lib" "sfml-audio-d.lib" kernel32.lib user32.lib gdi32.lib winspool.lib comdlg32.lib advapi32.lib shell32.lib ole32.lib oleaut32.lib uuid.lib odbc32.lib odbccp32.lib /MANIFEST /MANIFESTUAC:"level='asInvoker' uiAccess='false'" /manifest:embed /Debug /PDB:"C:\Users\BlueCalx\Documents\GitHub\MauveTheGame\Debug\MauveTheGame.pdb" /TLBID:1 /DYNAMICBASE /NXCOMPAT /IMPLIB:"C:\Users\BlueCalx\Documents\GitHub\MauveTheGame\Debug\MauveTheGame.lib" /MACHINE:X86 Debug\Actor.obj
         Debug\BackGround.obj
         Debug\Collision.obj
         Debug\Engine.obj
         Debug\Ground.obj
         Debug\main.obj
         Debug\Object.obj
         Debug\Physics.obj
         Debug\Player.obj
         Debug\TextureManager.obj
         Debug\Wall.obj
         MauveTheGame.vcxproj -> C:\Users\BlueCalx\Documents\GitHub\MauveTheGame\Debug\MauveTheGame.exe
     1>Génération du projet "C:\Users\BlueCalx\Documents\GitHub\MauveTheGame\MauveTheGame\MauveTheGame.vcxproj" terminée (Build cible(s)).

La génération a réussi.

Temps écoulé 00:00:00.94
