c:\users\bluecalx\documents\github\mauvethegame\mauvethegame\debug\vc140.pdb
c:\users\bluecalx\documents\github\mauvethegame\mauvethegame\debug\vc140.idb
c:\users\bluecalx\documents\github\mauvethegame\mauvethegame\debug\player.obj
c:\users\bluecalx\documents\github\mauvethegame\mauvethegame\debug\actor.obj
c:\users\bluecalx\documents\github\mauvethegame\mauvethegame\debug\collision.obj
c:\users\bluecalx\documents\github\mauvethegame\mauvethegame\debug\engine.obj
c:\users\bluecalx\documents\github\mauvethegame\mauvethegame\debug\ground.obj
c:\users\bluecalx\documents\github\mauvethegame\mauvethegame\debug\physics.obj
c:\users\bluecalx\documents\github\mauvethegame\mauvethegame\debug\wall.obj
c:\users\bluecalx\documents\github\mauvethegame\mauvethegame\debug\main.obj
c:\users\bluecalx\documents\github\mauvethegame\mauvethegame\debug\object.obj
c:\users\bluecalx\documents\github\mauvethegame\mauvethegame\debug\camera.obj
c:\users\bluecalx\documents\github\mauvethegame\mauvethegame\debug\map.obj
c:\users\bluecalx\documents\github\mauvethegame\mauvethegame\debug\utils.obj
c:\users\bluecalx\documents\github\mauvethegame\mauvethegame\debug\log.obj
c:\users\bluecalx\documents\github\mauvethegame\mauvethegame\debug\background.obj
c:\users\bluecalx\documents\github\mauvethegame\mauvethegame\debug\texturemanager.obj
c:\users\bluecalx\documents\github\mauvethegame\mauvethegame\debug\animationmanager.obj
c:\users\bluecalx\documents\github\mauvethegame\mauvethegame\debug\actoranimationmanager.obj
c:\users\bluecalx\documents\github\mauvethegame\debug\mauvethegame.ilk
c:\users\bluecalx\documents\github\mauvethegame\debug\mauvethegame.exe
c:\users\bluecalx\documents\github\mauvethegame\debug\mauvethegame.pdb
c:\users\bluecalx\documents\github\mauvethegame\mauvethegame\debug\player.obj.enc
c:\users\bluecalx\documents\github\mauvethegame\mauvethegame\debug\mauvethegame.tlog\cl.command.1.tlog
c:\users\bluecalx\documents\github\mauvethegame\mauvethegame\debug\mauvethegame.tlog\cl.read.1.tlog
c:\users\bluecalx\documents\github\mauvethegame\mauvethegame\debug\mauvethegame.tlog\cl.write.1.tlog
c:\users\bluecalx\documents\github\mauvethegame\mauvethegame\debug\mauvethegame.tlog\link.command.1.tlog
c:\users\bluecalx\documents\github\mauvethegame\mauvethegame\debug\mauvethegame.tlog\link.read.1.tlog
c:\users\bluecalx\documents\github\mauvethegame\mauvethegame\debug\mauvethegame.tlog\link.write.1.tlog
